#  Modification time never checked.
#  File has not been updated.
#  recipe to execute (from 'Makefile', line 2):
	@grep -E '^[.a-zA-Z_-]+:.*?## .*$$' $(MAKEFILE_LIST) | awk 'BEGIN {FS = ":.*?## "}; {printf "\033[36m%-30s\033[0m %s\n", $$1, $$2}'

# Not a target:
.DEFAULT:
#  Implicit rule search has not been done.
#  Modification time never checked.
#  File has not been updated.

shell:
#  Implicit rule search has not been done.
#  Modification time never checked.
#  File has not been updated.
#  recipe to execute (from 'Makefile', line 12):
	poetry shell

doc:
#  Implicit rule search has not been done.
#  Modification time never checked.
#  File has not been updated.
#  recipe to execute (from 'Makefile', line 16):
	rm docs -r || true
	sphinx-quickstart docs --makefile --sep -p ROV1 -a SeaMore -v 0.1.0 -r 0.1.0 -l en --ext-autodoc --ext-doctest \
	--ext-todo --ext-coverage --ext-viewcode --ext-githubpages --ext-imgmath
	sphinx-apidoc . -o docs/source
	sphinx-build docs/source docs/ -b html

# files hash-table stats:
# Load=9/1024=1%, Rehash=0, Collisions=1/19=5%
# VPATH Search Paths

# No 'vpath' search paths.

# No general ('VPATH' variable) search path.

# strcache buffers: 1 (0) / strings = 17 / storage = 130 B / avg = 7 B
# current buf: size = 8162 B / used = 130 B / count = 17 / avg = 7 B

# strcache performance: lookups = 26 / hit rate = 34%
# hash-table stats:
# Load=17/8192=0%, Rehash=0, Collisions=3/26=12%
# Finished Make data base on Wed Jun  2 10:41:10 2021
